
******************************************************************************
This program contains Ipopt, a library for large-scale nonlinear optimization.
 Ipopt is released as open source code under the Eclipse Public License (EPL).
         For more information visit https://github.com/coin-or/Ipopt
******************************************************************************

This is Ipopt version 3.14.11, running with linear solver MUMPS 5.4.1.

Number of nonzeros in equality constraint Jacobian...:        0
Number of nonzeros in inequality constraint Jacobian.:        0
Number of nonzeros in Lagrangian Hessian.............:        0

Total number of variables............................:     2000
                     variables with only lower bounds:        0
                variables with lower and upper bounds:     2000
                     variables with only upper bounds:        0
Total number of equality constraints.................:        0
Total number of inequality constraints...............:        0
        inequality constraints with only lower bounds:        0
   inequality constraints with lower and upper bounds:        0
        inequality constraints with only upper bounds:        0

iter    objective    inf_pr   inf_du lg(mu)  ||d||  lg(rg) alpha_du alpha_pr  ls
   0 -2.1517253e+01 0.00e+00 4.23e-02   0.0 0.00e+00    -  0.00e+00 0.00e+00   0
   1 -2.1871775e+01 0.00e+00 1.36e-02  -6.0 1.41e-02    -  9.76e-01 1.00e+00f  1
   2 -2.8601502e+01 0.00e+00 8.88e-02  -3.1 6.67e-01    -  6.16e-01 1.00e+00f  1
   3 -2.9808803e+01 0.00e+00 2.90e-02  -2.1 3.89e-01    -  7.67e-01 1.00e+00f  1
   4 -3.0665307e+01 0.00e+00 1.90e-02  -3.0 2.20e-01    -  8.94e-01 1.00e+00f  1
   5 -3.1312467e+01 0.00e+00 4.14e-02  -3.5 4.81e-01    -  9.87e-01 1.00e+00f  1
   6 -3.1935658e+01 0.00e+00 1.31e-02  -3.2 3.17e-01    -  1.00e+00 1.00e+00f  1
   7 -3.2077339e+01 0.00e+00 1.60e-02  -3.2 2.03e-01    -  9.22e-01 1.00e+00f  1
   8 -3.2292747e+01 0.00e+00 1.42e-02  -3.7 3.15e-01    -  9.99e-01 4.65e-01f  1
   9 -3.2394236e+01 0.00e+00 1.19e-02  -4.1 1.90e-01    -  9.97e-01 9.43e-01f  1
iter    objective    inf_pr   inf_du lg(mu)  ||d||  lg(rg) alpha_du alpha_pr  ls
  10 -3.2469565e+01 0.00e+00 7.30e-03  -5.1 8.62e-02    -  1.00e+00 5.43e-01f  1
  11 -3.2487713e+01 0.00e+00 1.01e-02  -6.2 1.52e-01    -  1.00e+00 2.33e-01f  1
  12 -3.2515967e+01 0.00e+00 8.17e-03  -6.8 7.03e-01    -  1.00e+00 1.34e-01f  1
  13 -3.2541137e+01 0.00e+00 1.37e-02  -6.7 2.96e+00    -  1.00e+00 4.21e-02f  1
  14 -3.2563697e+01 0.00e+00 1.83e-02  -6.8 2.92e+00    -  1.00e+00 4.73e-02f  1
  15 -3.2589376e+01 0.00e+00 2.12e-02  -6.8 6.79e+00    -  1.00e+00 2.89e-02f  1
  16 -3.2607645e+01 0.00e+00 2.07e-02  -6.8 2.66e+00    -  1.00e+00 6.19e-02f  1
  17 -3.2623134e+01 0.00e+00 1.52e-02  -6.7 2.15e+00    -  1.00e+00 7.80e-02f  1
  18 -3.2635349e+01 0.00e+00 1.38e-02  -6.8 3.35e+00    -  1.00e+00 5.57e-02f  1
  19 -3.2644429e+01 0.00e+00 1.23e-02  -6.9 3.11e+00    -  1.00e+00 5.58e-02f  1
iter    objective    inf_pr   inf_du lg(mu)  ||d||  lg(rg) alpha_du alpha_pr  ls
  20 -3.2652744e+01 0.00e+00 1.13e-02  -6.4 5.03e+00    -  1.00e+00 3.93e-02f  1
  21 -3.2659400e+01 0.00e+00 8.83e-03  -6.5 3.79e+00    -  1.00e+00 5.09e-02f  1
  22 -3.2665413e+01 0.00e+00 7.19e-03  -6.8 3.63e+00    -  1.00e+00 5.75e-02f  1
  23 -3.2667022e+01 0.00e+00 4.49e-03  -6.6 3.38e+00    -  1.00e+00 6.54e-02f  1
  24 -3.2671636e+01 0.00e+00 3.95e-03  -7.2 4.36e-01    -  1.00e+00 2.25e-01f  1
  25 -3.2675325e+01 0.00e+00 8.46e-03  -7.7 1.01e+00    -  1.00e+00 1.23e-01f  1
  26 -3.2679019e+01 0.00e+00 4.98e-03  -6.3 5.88e-01    -  1.00e+00 2.53e-01f  1
  27 -3.2679916e+01 0.00e+00 6.07e-03  -6.6 7.01e-01    -  1.00e+00 5.04e-02f  1
  28 -3.2681874e+01 0.00e+00 2.37e-03  -7.5 8.90e-01    -  1.00e+00 1.53e-01f  1
  29 -3.2682931e+01 0.00e+00 4.86e-03  -6.4 1.08e+00    -  1.00e+00 7.67e-02f  1
iter    objective    inf_pr   inf_du lg(mu)  ||d||  lg(rg) alpha_du alpha_pr  ls
  30 -3.2684044e+01 0.00e+00 3.12e-03  -5.7 5.29e+00    -  1.00e+00 1.93e-02f  1
  31 -3.2685422e+01 0.00e+00 4.60e-03  -6.1 1.22e+00    -  1.00e+00 1.45e-01f  1
  32 -3.2685619e+01 0.00e+00 3.02e-03  -5.9 8.36e-01    -  1.00e+00 1.06e-01f  2
  33 -3.2688104e+01 0.00e+00 1.70e-03  -6.1 1.49e-01    -  1.00e+00 7.28e-01f  1
  34 -3.2688543e+01 0.00e+00 3.26e-03  -6.9 3.23e-01    -  1.00e+00 7.75e-02f  1
  35 -3.2690160e+01 0.00e+00 1.62e-03  -8.1 3.53e-01    -  1.00e+00 5.46e-01f  1
  36 -3.2690254e+01 0.00e+00 2.63e-03  -8.5 1.13e+00    -  1.00e+00 8.99e-03f  1
  37 -3.2690675e+01 0.00e+00 1.83e-03  -8.9 7.55e-01    -  1.00e+00 2.57e-01f  1
  38 -3.2690873e+01 0.00e+00 1.30e-03  -9.1 6.44e-01    -  9.62e-01 6.84e-02f  1
  39 -3.2691301e+01 0.00e+00 1.44e-03  -7.0 5.08e-02    -  1.00e+00 2.78e-01f  1
iter    objective    inf_pr   inf_du lg(mu)  ||d||  lg(rg) alpha_du alpha_pr  ls
  40 -3.2691547e+01 0.00e+00 1.58e-03  -7.6 8.43e-02    -  1.00e+00 1.34e-01f  1
  41 -3.2691761e+01 0.00e+00 1.06e-03 -11.0 1.40e-01    -  8.91e-01 1.20e-01f  1
  42 -3.2692076e+01 0.00e+00 1.29e-03  -7.7 2.46e-01    -  1.00e+00 3.57e-01f  1
  43 -3.2692372e+01 0.00e+00 9.89e-04 -11.0 3.78e-01    -  6.24e-01 1.51e-01f  1
  44 -3.2692533e+01 0.00e+00 9.87e-04  -8.8 5.05e-01    -  1.00e+00 6.94e-02f  1
  45 -3.2692714e+01 0.00e+00 1.19e-03  -9.7 5.27e-01    -  1.00e+00 9.91e-02f  1
  46 -3.2692729e+01 0.00e+00 1.21e-03  -9.0 2.13e-01    -  1.00e+00 1.26e-02f  1
  47 -3.2692966e+01 0.00e+00 1.03e-03  -6.6 2.00e-01    -  7.91e-01 4.21e-01f  1
  48 -3.2693035e+01 0.00e+00 8.59e-04  -6.9 6.53e-01    -  1.00e+00 3.42e-02f  1
  49 -3.2693278e+01 0.00e+00 1.61e-03  -7.6 1.03e+00    -  1.00e+00 1.17e-01f  1
iter    objective    inf_pr   inf_du lg(mu)  ||d||  lg(rg) alpha_du alpha_pr  ls
  50 -3.2693394e+01 0.00e+00 4.99e-04  -8.4 1.36e+00    -  1.00e+00 5.67e-02f  1
  51 -3.2691912e+01 0.00e+00 1.70e-03  -5.5 6.00e-02    -  7.24e-01 5.00e-01f  2
  52 -3.2693212e+01 0.00e+00 5.95e-04  -5.7 3.46e-02    -  1.00e+00 8.69e-01f  1
  53 -3.2693233e+01 0.00e+00 2.43e-03  -5.7 3.00e-02    -  1.00e+00 1.00e+00f  1
  54 -3.2693263e+01 0.00e+00 5.68e-04  -5.7 1.38e-02    -  9.16e-01 1.00e+00f  1
  55 -3.2693335e+01 0.00e+00 4.72e-04  -5.7 5.97e-02    -  1.00e+00 1.00e+00f  1
  56 -3.2693368e+01 0.00e+00 4.18e-04  -5.7 8.06e-01    -  8.67e-01 1.08e-01f  2
  57 -3.2693435e+01 0.00e+00 4.32e-04  -5.7 3.31e-01    -  1.00e+00 4.47e-01f  1
  58 -3.2693129e+01 0.00e+00 1.24e-03  -5.3 9.37e-02    -  1.00e+00 5.00e-01f  2
  59 -3.2693273e+01 0.00e+00 5.71e-04  -5.4 1.25e-02    -  1.00e+00 1.00e+00f  1
iter    objective    inf_pr   inf_du lg(mu)  ||d||  lg(rg) alpha_du alpha_pr  ls
  60 -3.2693339e+01 0.00e+00 4.09e-04  -5.4 4.72e-02    -  1.00e+00 2.86e-01f  2
  61 -3.2693377e+01 0.00e+00 6.15e-04  -5.4 1.38e-02    -  1.00e+00 5.00e-01f  2
  62 -3.2693430e+01 0.00e+00 2.31e-04  -5.4 1.37e-02    -  1.00e+00 1.00e+00f  1
  63 -3.2693416e+01 0.00e+00 2.30e-04  -5.4 2.74e-02    -  1.00e+00 5.00e-01f  2
  64 -3.2693449e+01 0.00e+00 1.25e-04  -5.4 1.75e-02    -  1.00e+00 1.00e+00f  1
  65 -3.2693505e+01 0.00e+00 3.99e-04  -5.5 1.19e-01    -  9.91e-01 2.50e-01f  3
  66 -3.2693979e+01 0.00e+00 4.27e-04  -7.0 5.79e-02    -  1.00e+00 7.64e-01f  1
  67 -3.2694119e+01 0.00e+00 4.25e-04  -8.3 2.73e-01    -  1.00e+00 3.05e-01f  1
  68 -3.2694155e+01 0.00e+00 3.86e-04  -6.2 2.20e-01    -  1.00e+00 6.70e-02f  3
  69 -3.2694072e+01 0.00e+00 5.45e-04  -5.9 2.94e-02    -  8.99e-01 1.00e+00f  1
iter    objective    inf_pr   inf_du lg(mu)  ||d||  lg(rg) alpha_du alpha_pr  ls
  70 -3.2694186e+01 0.00e+00 4.41e-04  -6.0 5.12e-02    -  1.00e+00 4.03e-01f  1
  71 -3.2694391e+01 0.00e+00 4.60e-04  -7.7 3.93e-02    -  1.00e+00 6.63e-01f  1
  72 -3.2694448e+01 0.00e+00 6.78e-04  -9.3 1.64e-01    -  1.00e+00 2.95e-01f  1
  73 -3.2694506e+01 0.00e+00 5.47e-04  -9.9 1.53e-01    -  1.00e+00 2.28e-01f  1
  74 -3.2694518e+01 0.00e+00 3.16e-04 -11.0 1.15e-01    -  7.31e-01 3.21e-02f  1
  75 -3.2694525e+01 0.00e+00 3.06e-04  -7.6 1.20e-01    -  1.00e+00 1.65e-01f  2
  76 -3.2694589e+01 0.00e+00 4.00e-04  -6.5 7.94e-02    -  5.43e-01 4.61e-01f  1
  77 -3.2694570e+01 0.00e+00 4.11e-04  -6.1 8.92e-02    -  6.09e-01 1.25e-01f  4
  78 -3.2694575e+01 0.00e+00 2.36e-04  -6.4 1.31e-02    -  1.00e+00 1.00e+00f  1
  79 -3.2694590e+01 0.00e+00 1.78e-04  -6.4 3.49e-03    -  1.00e+00 1.00e+00f  1
iter    objective    inf_pr   inf_du lg(mu)  ||d||  lg(rg) alpha_du alpha_pr  ls
  80 -3.2694632e+01 0.00e+00 4.27e-04  -7.9 1.95e-02    -  1.00e+00 5.30e-01f  1
  81 -3.2694654e+01 0.00e+00 2.39e-04  -8.2 4.44e-01    -  1.00e+00 1.81e-01f  1
  82 -3.2694336e+01 0.00e+00 5.38e-04  -6.0 6.84e-02    -  9.99e-01 1.00e+00f  1
  83 -3.2694399e+01 0.00e+00 3.99e-04  -6.1 7.66e-02    -  9.40e-01 5.00e-01f  2
  84 -3.2694557e+01 0.00e+00 2.73e-04  -6.1 3.25e-02    -  1.00e+00 8.23e-01f  1
  85 -3.2694589e+01 0.00e+00 2.41e-04  -6.1 7.29e-02    -  4.59e-01 5.00e-01f  2
  86 -3.2694600e+01 0.00e+00 1.57e-04  -6.1 5.58e-02    -  1.00e+00 4.81e-01f  1
  87 -3.2694588e+01 0.00e+00 3.05e-04  -6.1 7.46e-02    -  1.00e+00 5.00e-01f  2
  88 -3.2694591e+01 0.00e+00 2.15e-04  -6.1 1.75e-01    -  7.70e-01 5.31e-02f  4
  89 -3.2694604e+01 0.00e+00 1.26e-04  -6.1 2.64e-03    -  1.00e+00 1.00e+00f  1
iter    objective    inf_pr   inf_du lg(mu)  ||d||  lg(rg) alpha_du alpha_pr  ls
  90 -3.2694603e+01 0.00e+00 2.45e-04  -6.1 1.77e-02    -  1.00e+00 1.00e+00f  1
  91 -3.2694609e+01 0.00e+00 1.65e-04  -6.1 5.02e-02    -  1.00e+00 2.50e-01f  3
  92 -3.2694618e+01 0.00e+00 1.13e-04  -6.1 3.87e-02    -  1.00e+00 5.00e-01f  2
  93 -3.2694633e+01 0.00e+00 1.38e-04  -6.1 6.96e-02    -  1.00e+00 4.21e-01f  2
  94 -3.2694642e+01 0.00e+00 2.73e-04  -6.1 1.28e-01    -  1.00e+00 1.93e-01f  3
  95 -3.2694645e+01 0.00e+00 1.56e-04  -6.1 1.96e-01    -  1.00e+00 6.53e-02f  4
  96 -3.2694685e+01 0.00e+00 1.19e-04  -6.1 7.69e-02    -  1.00e+00 1.00e+00f  1
  97 -3.2694103e+01 0.00e+00 6.42e-04  -5.5 7.88e-02    -  9.72e-01 5.00e-01f  2
  98 -3.2694310e+01 0.00e+00 3.76e-04  -5.6 1.02e-02    -  1.00e+00 1.00e+00f  1
  99 -3.2694353e+01 0.00e+00 2.53e-04  -5.6 2.30e-02    -  1.00e+00 4.05e-01f  2
iter    objective    inf_pr   inf_du lg(mu)  ||d||  lg(rg) alpha_du alpha_pr  ls
 100 -3.2694381e+01 0.00e+00 1.20e-04  -5.6 7.14e-03    -  1.00e+00 1.00e+00f  1
 101 -3.2694373e+01 0.00e+00 1.52e-04  -5.6 3.64e-03    -  1.00e+00 1.00e+00f  1
 102 -3.2694359e+01 0.00e+00 1.77e-04  -5.6 4.52e-03    -  1.00e+00 1.00e+00f  1
 103 -3.2694344e+01 0.00e+00 1.45e-04  -5.6 1.68e-02    -  1.00e+00 5.00e-01f  2
 104 -3.2694351e+01 0.00e+00 7.37e-05  -5.6 4.09e-03    -  1.00e+00 1.00e+00f  1
 105 -3.2694351e+01 0.00e+00 5.77e-05  -5.6 4.12e-03    -  1.00e+00 1.00e+00f  1
 106 -3.2694345e+01 0.00e+00 4.93e-05  -5.6 1.00e-02    -  1.00e+00 5.00e-01f  2
 107 -3.2694333e+01 0.00e+00 1.10e-04  -5.6 2.43e-02    -  1.00e+00 5.00e-01f  2
 108 -3.2694323e+01 0.00e+00 1.53e-04  -5.6 8.45e-02    -  1.00e+00 2.50e-01f  3
 109 -3.2694324e+01 0.00e+00 1.16e-04  -5.6 8.75e-02    -  1.00e+00 1.25e-01f  4
iter    objective    inf_pr   inf_du lg(mu)  ||d||  lg(rg) alpha_du alpha_pr  ls
 110 -3.2694326e+01 0.00e+00 1.32e-04  -5.6 8.06e-02    -  1.00e+00 6.25e-02f  5
 111 -3.2694331e+01 0.00e+00 8.90e-05  -5.6 2.29e-02    -  1.00e+00 5.00e-01f  2
 112 -3.2694327e+01 0.00e+00 9.93e-05  -5.6 1.29e-02    -  1.00e+00 5.00e-01f  2
 113 -3.2694332e+01 0.00e+00 8.34e-05  -5.6 1.15e-02    -  1.00e+00 5.00e-01f  2
 114 -3.2694329e+01 0.00e+00 8.20e-05  -5.6 2.38e-02    -  1.00e+00 5.00e-01f  2
 115 -3.2694330e+01 0.00e+00 8.80e-05  -5.6 5.13e-02    -  1.00e+00 1.25e-01f  4
 116 -3.2694315e+01 0.00e+00 2.66e-04  -5.6 1.82e-02    -  1.00e+00 1.00e+00w  1
 117 -3.2694125e+01 0.00e+00 7.92e-04  -5.6 2.60e-02    -  1.00e+00 1.00e+00w  1
 118 -3.2694312e+01 0.00e+00 1.85e-04  -5.6 2.85e-02    -  1.00e+00 1.00e+00w  1
 119 -3.2694331e+01 0.00e+00 1.34e-04  -5.6 9.65e-03    -  1.00e+00 5.00e-01f  1
iter    objective    inf_pr   inf_du lg(mu)  ||d||  lg(rg) alpha_du alpha_pr  ls
 120 -3.2694342e+01 0.00e+00 4.56e-05  -5.6 9.89e-03    -  1.00e+00 1.00e+00f  1
 121 -3.2694343e+01 0.00e+00 5.31e-05  -5.6 2.81e-02    -  1.00e+00 2.50e-01f  3
 122 -3.2694344e+01 0.00e+00 9.01e-05  -5.6 1.70e-02    -  1.00e+00 5.00e-01f  2
 123 -3.2694347e+01 0.00e+00 8.93e-05  -5.6 9.31e-02    -  1.00e+00 2.36e-01f  3
 124 -3.2694349e+01 0.00e+00 1.01e-04  -5.6 8.31e-02    -  1.00e+00 1.25e-01f  4
 125 -3.2694349e+01 0.00e+00 1.18e-04  -5.6 1.50e-02    -  1.00e+00 1.25e-01f  4
 126 -3.2694357e+01 0.00e+00 3.09e-05  -5.6 4.89e-03    -  1.00e+00 1.00e+00f  1
 127 -3.2694361e+01 0.00e+00 3.70e-05  -5.6 7.55e-03    -  1.00e+00 1.00e+00f  1
 128 -3.2694373e+01 0.00e+00 1.04e-04  -5.6 1.01e-01    -  1.00e+00 2.50e-01f  3
 129 -3.2694379e+01 0.00e+00 6.56e-05  -5.6 9.31e-02    -  1.00e+00 1.25e-01f  4
iter    objective    inf_pr   inf_du lg(mu)  ||d||  lg(rg) alpha_du alpha_pr  ls
 130 -3.2694381e+01 0.00e+00 5.86e-05  -5.6 5.89e-02    -  1.00e+00 6.25e-02f  5
 131 -3.2694383e+01 0.00e+00 1.17e-04  -5.6 3.64e-02    -  1.00e+00 2.50e-01f  3
 132 -3.2694384e+01 0.00e+00 8.71e-05  -5.6 2.72e-02    -  1.00e+00 1.25e-01f  4
 133 -3.2694385e+01 0.00e+00 4.39e-05  -5.6 1.27e-02    -  1.00e+00 2.50e-01f  3
 134 -3.2694388e+01 0.00e+00 3.14e-05  -5.6 1.46e-02    -  1.00e+00 2.50e-01f  3
 135 -3.2694395e+01 0.00e+00 8.79e-05  -5.6 3.05e-02    -  1.00e+00 1.00e+00f  1
 136 -3.2694396e+01 0.00e+00 7.80e-05  -5.6 8.22e-02    -  1.00e+00 6.25e-02f  5
 137 -3.2694400e+01 0.00e+00 9.49e-05  -5.6 1.59e-02    -  1.00e+00 5.00e-01f  2
 138 -3.2694402e+01 0.00e+00 9.96e-05  -5.6 1.03e-01    -  1.00e+00 1.25e-01f  4
 139 -3.2694404e+01 0.00e+00 8.36e-05  -5.6 1.17e-02    -  1.00e+00 2.50e-01f  3
iter    objective    inf_pr   inf_du lg(mu)  ||d||  lg(rg) alpha_du alpha_pr  ls
 140 -3.2694406e+01 0.00e+00 1.32e-04  -5.6 9.45e-03    -  1.00e+00 5.00e-01f  2
 141 -3.2694410e+01 0.00e+00 4.72e-05  -5.6 4.51e-03    -  1.00e+00 5.00e-01f  2
 142 -3.2694412e+01 0.00e+00 2.87e-05  -5.6 7.11e-03    -  1.00e+00 1.00e+00f  1
 143 -3.2694412e+01 0.00e+00 5.34e-05  -5.6 1.92e-02    -  1.00e+00 5.00e-01f  2
 144 -3.2694416e+01 0.00e+00 6.90e-05  -5.6 3.25e-02    -  1.00e+00 5.00e-01f  2
 145 -3.2694416e+01 0.00e+00 7.01e-05  -5.6 1.63e-01    -  1.00e+00 2.33e-02f  6
 146 -3.2694418e+01 0.00e+00 6.79e-05  -5.6 3.20e-02    -  1.00e+00 2.50e-01f  3
 147 -3.2694421e+01 0.00e+00 8.30e-05  -5.6 8.98e-02    -  1.00e+00 1.25e-01f  4
 148 -3.2694422e+01 0.00e+00 5.13e-05  -5.6 8.57e-02    -  1.00e+00 6.25e-02f  5
 149 -3.2694423e+01 0.00e+00 3.85e-05  -5.6 1.08e-02    -  1.00e+00 5.00e-01f  2
iter    objective    inf_pr   inf_du lg(mu)  ||d||  lg(rg) alpha_du alpha_pr  ls
 150 -3.2694425e+01 0.00e+00 5.48e-05  -5.6 3.65e-02    -  1.00e+00 5.00e-01f  2
 151 -3.2694427e+01 0.00e+00 4.86e-05  -5.6 4.53e-02    -  1.00e+00 2.50e-01f  3
 152 -3.2694427e+01 0.00e+00 5.20e-05  -5.6 5.55e-02    -  1.00e+00 3.12e-02f  6
 153 -3.2694427e+01 0.00e+00 6.60e-05  -5.6 1.56e-02    -  1.00e+00 1.00e+00w  1
 154 -3.2694274e+01 0.00e+00 4.75e-04  -5.6 3.85e-02    -  1.00e+00 1.00e+00w  1
 155 -3.2694393e+01 0.00e+00 3.44e-04  -5.6 1.70e-02    -  1.00e+00 1.00e+00w  1
 156 -3.2694429e+01 0.00e+00 4.46e-05  -5.6 2.47e-02    -  1.00e+00 5.00e-01f  1
 157 -3.2694430e+01 0.00e+00 2.86e-05  -5.6 1.68e-02    -  1.00e+00 1.00e+00f  1
 158 -3.2694431e+01 0.00e+00 4.56e-05  -5.6 3.88e-02    -  1.00e+00 1.25e-01f  4
 159 -3.2694431e+01 0.00e+00 4.33e-05  -5.6 2.22e-02    -  1.00e+00 2.50e-01f  3
iter    objective    inf_pr   inf_du lg(mu)  ||d||  lg(rg) alpha_du alpha_pr  ls
 160 -3.2694432e+01 0.00e+00 5.52e-05  -5.6 9.90e-02    -  1.00e+00 6.25e-02f  5
 161 -3.2694434e+01 0.00e+00 6.56e-05  -5.6 2.55e-02    -  1.00e+00 5.00e-01f  2
 162 -3.2694434e+01 0.00e+00 8.76e-05  -5.6 2.74e-02    -  1.00e+00 2.50e-01f  3
 163 -3.2694437e+01 0.00e+00 9.33e-05  -5.6 6.49e-02    -  1.00e+00 1.25e-01f  4
 164 -3.2694436e+01 0.00e+00 8.18e-05  -5.6 1.42e-02    -  1.00e+00 1.00e+00f  1
 165 -3.2694438e+01 0.00e+00 4.65e-05  -5.6 1.43e-02    -  1.00e+00 2.50e-01f  3
 166 -3.2694439e+01 0.00e+00 6.95e-05  -5.6 1.83e-02    -  1.00e+00 5.00e-01f  2
 167 -3.2694441e+01 0.00e+00 5.07e-05  -5.6 7.62e-02    -  1.00e+00 3.12e-02f  6
 168 -3.2694442e+01 0.00e+00 1.66e-05  -5.6 2.60e-03    -  1.00e+00 5.00e-01f  2
 169 -3.2694626e+01 0.00e+00 1.16e-04  -6.0 1.14e-02    -  1.00e+00 1.00e+00f  1
iter    objective    inf_pr   inf_du lg(mu)  ||d||  lg(rg) alpha_du alpha_pr  ls
 170 -3.2694635e+01 0.00e+00 1.90e-04  -6.0 1.55e-01    -  1.00e+00 4.81e-02f  5
 171 -3.2694706e+01 0.00e+00 8.48e-05  -6.0 1.82e-02    -  1.00e+00 1.00e+00f  1
 172 -3.2694815e+01 0.00e+00 2.58e-04  -7.3 4.65e-02    -  1.00e+00 4.84e-01f  1
 173 -3.2694879e+01 0.00e+00 2.64e-04  -8.8 4.77e-02    -  1.00e+00 4.51e-01f  1
 174 -3.2694947e+01 0.00e+00 2.09e-04  -9.8 3.87e-02    -  1.00e+00 4.96e-01f  1
 175 -3.2694962e+01 0.00e+00 2.42e-04 -10.1 7.12e-02    -  1.00e+00 1.02e-01f  2
 176 -3.2694997e+01 0.00e+00 1.56e-04 -11.0 2.13e-02    -  9.83e-01 4.37e-01f  1
 177 -3.2695010e+01 0.00e+00 1.59e-04  -9.4 9.42e-03    -  1.00e+00 2.97e-01f  1
 178 -3.2695028e+01 0.00e+00 1.87e-04 -10.5 2.40e-02    -  1.00e+00 5.46e-01f  1
 179 -3.2695036e+01 0.00e+00 1.82e-04  -9.5 2.71e-02    -  1.00e+00 2.41e-01f  1
iter    objective    inf_pr   inf_du lg(mu)  ||d||  lg(rg) alpha_du alpha_pr  ls
 180 -3.2695045e+01 0.00e+00 1.07e-04 -10.3 1.50e-02    -  1.00e+00 2.46e-01f  1
 181 -3.2695052e+01 0.00e+00 1.06e-04 -11.0 2.70e-02    -  1.00e+00 1.70e-01f  1
 182 -3.2695056e+01 0.00e+00 1.38e-04 -11.0 1.09e-01    -  1.00e+00 5.56e-02f  1
 183 -3.2695061e+01 0.00e+00 3.10e-04 -11.0 1.07e-01    -  1.00e+00 5.03e-02f  1
 184 -3.2695066e+01 0.00e+00 1.12e-04 -11.0 6.66e-02    -  1.00e+00 9.43e-02f  1
 185 -3.2695068e+01 0.00e+00 2.14e-04 -11.0 6.86e-02    -  1.00e+00 4.37e-02f  1
 186 -3.2695074e+01 0.00e+00 2.38e-04  -7.3 1.41e-01    -  9.24e-01 1.00e-01f  1
 187 -3.2695079e+01 0.00e+00 1.42e-04  -7.9 1.97e-01    -  1.00e+00 5.84e-02f  1
 188 -3.2695086e+01 0.00e+00 1.11e-04  -8.3 1.12e-01    -  1.00e+00 3.10e-01f  1
 189 -3.2695090e+01 0.00e+00 7.65e-05  -9.0 2.00e-01    -  1.00e+00 9.41e-02f  2
iter    objective    inf_pr   inf_du lg(mu)  ||d||  lg(rg) alpha_du alpha_pr  ls
 190 -3.2695045e+01 0.00e+00 2.54e-04  -6.7 1.18e-01    -  7.54e-01 2.49e-01f  2
 191 -3.2695049e+01 0.00e+00 1.64e-04  -6.9 1.83e-02    -  7.43e-01 1.00e+00f  1
 192 -3.2695065e+01 0.00e+00 8.60e-05  -6.9 2.75e-02    -  9.38e-01 5.00e-01f  2
 193 -3.2695071e+01 0.00e+00 5.74e-05  -6.9 7.31e-03    -  1.00e+00 1.00e+00f  1
 194 -3.2695072e+01 0.00e+00 1.14e-04  -6.9 1.80e-02    -  1.00e+00 5.00e-01f  2
 195 -3.2695072e+01 0.00e+00 5.83e-05  -6.9 3.74e-03    -  1.00e+00 5.00e-01f  2
 196 -3.2695075e+01 0.00e+00 2.84e-05  -6.9 5.03e-03    -  1.00e+00 1.00e+00f  1
 197 -3.2695075e+01 0.00e+00 3.80e-05  -6.9 1.16e-02    -  1.00e+00 1.25e-01f  4
 198 -3.2695077e+01 0.00e+00 2.68e-05  -6.9 3.26e-03    -  1.00e+00 1.00e+00f  1
 199 -3.2695081e+01 0.00e+00 3.56e-05  -6.9 2.47e-02    -  1.00e+00 3.96e-01f  2
iter    objective    inf_pr   inf_du lg(mu)  ||d||  lg(rg) alpha_du alpha_pr  ls
 200 -3.2695083e+01 0.00e+00 7.23e-05  -6.9 7.51e-02    -  1.00e+00 1.50e-01f  2
 201 -3.2695084e+01 0.00e+00 6.40e-05  -6.9 4.31e-02    -  1.00e+00 1.80e-01f  3
 202 -3.2695086e+01 0.00e+00 9.04e-05  -6.9 2.25e-02    -  1.00e+00 2.50e-01f  3
 203 -3.2695088e+01 0.00e+00 7.08e-05  -6.9 2.26e-02    -  1.00e+00 4.49e-01f  2
 204 -3.2695088e+01 0.00e+00 7.00e-05  -6.9 2.30e-02    -  1.00e+00 1.38e-01f  3
 205 -3.2695090e+01 0.00e+00 4.17e-05  -6.9 1.43e-03    -  1.00e+00 5.00e-01f  2
 206 -3.2695108e+01 0.00e+00 4.98e-05  -9.0 9.27e-03    -  1.00e+00 7.62e-01f  1
 207 -3.2695115e+01 0.00e+00 7.83e-05  -8.5 2.64e-02    -  1.00e+00 2.43e-01f  1
 208 -3.2695121e+01 0.00e+00 6.77e-05 -10.3 1.51e-02    -  1.00e+00 3.69e-01f  1
 209 -3.2695125e+01 0.00e+00 1.39e-04 -11.0 4.03e-02    -  1.00e+00 2.73e-01f  1
iter    objective    inf_pr   inf_du lg(mu)  ||d||  lg(rg) alpha_du alpha_pr  ls
 210 -3.2695127e+01 0.00e+00 9.09e-05  -9.6 4.54e-02    -  1.00e+00 1.73e-01f  1
 211 -3.2695129e+01 0.00e+00 9.17e-05 -11.0 1.83e-02    -  1.00e+00 2.23e-01f  1
 212 -3.2695130e+01 0.00e+00 1.38e-04 -11.0 5.03e-02    -  7.53e-01 1.65e-01f  1
 213 -3.2695130e+01 0.00e+00 8.14e-05 -11.0 3.21e-02    -  8.06e-01 4.65e-03f  1
 214 -3.2695134e+01 0.00e+00 1.25e-04 -11.0 3.21e-02    -  1.00e+00 2.88e-01f  1
 215 -3.2695136e+01 0.00e+00 8.57e-05 -11.0 7.41e-02    -  1.00e+00 1.18e-01f  1
 216 -3.2695137e+01 0.00e+00 1.36e-04 -10.6 7.14e-02    -  1.00e+00 7.80e-02f  1
 217 -3.2695138e+01 0.00e+00 2.27e-04 -11.0 1.75e-01    -  9.43e-01 1.97e-02f  1
 218 -3.2695138e+01 0.00e+00 5.30e-04  -7.9 1.56e-01    -  9.56e-01 6.77e-02f  2
 219 -3.2695139e+01 0.00e+00 1.49e-04  -9.4 1.30e-01    -  9.65e-01 3.90e-02f  1
iter    objective    inf_pr   inf_du lg(mu)  ||d||  lg(rg) alpha_du alpha_pr  ls
 220 -3.2695142e+01 0.00e+00 1.35e-04  -9.6 4.53e-01    -  1.00e+00 7.51e-02f  1
 221 -3.2695143e+01 0.00e+00 9.83e-05 -10.6 3.40e-01    -  9.15e-01 2.85e-02f  2
 222 -3.2695145e+01 0.00e+00 7.27e-05 -10.7 2.02e-01    -  2.85e-01 4.60e-02f  1
 223 -3.2695144e+01 0.00e+00 7.61e-05  -7.6 3.12e-01    -  9.99e-01 5.43e-02f  3
 224 -3.2695144e+01 0.00e+00 8.86e-05  -7.7 4.30e-01    -  1.18e-02 2.28e-02f  5
 225 -3.2695144e+01 0.00e+00 6.19e-05  -7.7 5.13e-02    -  2.79e-01 1.87e-01f  3
 226 -3.2695145e+01 0.00e+00 7.65e-05  -7.7 3.98e-02    -  1.00e+00 4.41e-01f  1
 227 -3.2695147e+01 0.00e+00 4.31e-05  -9.2 4.20e-02    -  1.00e+00 1.52e-01f  3
 228 -3.2695150e+01 0.00e+00 5.00e-05  -8.8 1.59e-02    -  1.00e+00 5.71e-01f  1
 229 -3.2695151e+01 0.00e+00 6.47e-05  -9.4 6.91e-03    -  1.00e+00 2.60e-01f  2
iter    objective    inf_pr   inf_du lg(mu)  ||d||  lg(rg) alpha_du alpha_pr  ls
 230 -3.2695128e+01 0.00e+00 1.86e-04  -7.1 2.33e-02    -  9.01e-01 1.00e+00f  1
 231 -3.2695129e+01 0.00e+00 4.50e-05  -7.2 4.56e-02    -  1.00e+00 5.41e-02f  3
 232 -3.2695133e+01 0.00e+00 6.41e-05  -7.2 1.02e-02    -  1.00e+00 5.67e-01f  1
 233 -3.2695134e+01 0.00e+00 6.25e-05  -7.2 9.95e-03    -  1.00e+00 5.00e-01f  2
 234 -3.2695136e+01 0.00e+00 4.28e-05  -7.2 4.27e-03    -  1.00e+00 1.00e+00f  1
 235 -3.2695135e+01 0.00e+00 5.07e-05  -7.2 3.68e-03    -  1.00e+00 5.00e-01f  2
 236 -3.2695135e+01 0.00e+00 2.74e-05  -7.2 2.32e-03    -  1.00e+00 1.00e+00f  1
 237 -3.2695136e+01 0.00e+00 2.11e-05  -7.2 2.49e-03    -  1.00e+00 5.00e-01f  2
 238 -3.2695136e+01 0.00e+00 3.08e-05  -7.2 1.30e-03    -  1.00e+00 1.00e+00f  1
 239 -3.2695136e+01 0.00e+00 3.83e-05  -7.2 3.28e-03    -  1.00e+00 5.00e-01f  2
iter    objective    inf_pr   inf_du lg(mu)  ||d||  lg(rg) alpha_du alpha_pr  ls
 240 -3.2695136e+01 0.00e+00 2.04e-05  -7.2 8.30e-04    -  1.00e+00 1.00e+00f  1
 241 -3.2695136e+01 0.00e+00 2.23e-05  -7.2 1.77e-03    -  1.00e+00 1.00e+00f  1
 242 -3.2695137e+01 0.00e+00 2.68e-05  -7.2 2.90e-03    -  1.00e+00 5.00e-01f  2
 243 -3.2695137e+01 0.00e+00 2.36e-05  -7.2 3.64e-03    -  1.00e+00 1.00e+00f  1
 244 -3.2695137e+01 0.00e+00 2.16e-05  -7.2 2.70e-03    -  1.00e+00 5.00e-01f  2
 245 -3.2695137e+01 0.00e+00 2.07e-05  -7.2 2.84e-03    -  1.00e+00 5.00e-01f  2
 246 -3.2695137e+01 0.00e+00 1.78e-05  -7.2 1.70e-03    -  1.00e+00 5.00e-01f  2
 247 -3.2695137e+01 0.00e+00 3.29e-05  -7.2 2.53e-03    -  1.00e+00 5.00e-01f  2
 248 -3.2695137e+01 0.00e+00 4.58e-05  -7.2 8.50e-03    -  1.00e+00 5.00e-01f  2
 249 -3.2695137e+01 0.00e+00 3.20e-05  -7.2 2.37e-02    -  1.00e+00 3.47e-01f  2
iter    objective    inf_pr   inf_du lg(mu)  ||d||  lg(rg) alpha_du alpha_pr  ls
 250 -3.2695137e+01 0.00e+00 2.45e-05  -7.2 1.86e-02    -  1.00e+00 5.36e-02f  5
 251 -3.2695138e+01 0.00e+00 1.89e-05  -7.2 2.56e-03    -  1.00e+00 1.00e+00f  1
 252 -3.2695138e+01 0.00e+00 1.45e-05  -7.2 2.81e-03    -  1.00e+00 5.00e-01f  2
 253 -3.2695138e+01 0.00e+00 2.04e-05  -7.2 1.00e-02    -  1.00e+00 3.42e-01f  2
 254 -3.2695138e+01 0.00e+00 3.24e-05  -7.2 2.09e-02    -  1.00e+00 6.25e-02f  5
 255 -3.2695138e+01 0.00e+00 2.31e-05  -7.2 6.53e-03    -  1.00e+00 1.00e+00f  1
 256 -3.2695139e+01 0.00e+00 4.68e-05  -7.2 9.64e-02    -  9.23e-01 1.74e-01f  3
 257 -3.2695139e+01 0.00e+00 3.43e-05  -7.2 6.56e-02    -  9.20e-01 3.12e-02f  6
 258 -3.2695140e+01 0.00e+00 3.57e-05  -7.2 5.09e-02    -  1.00e+00 2.50e-01f  3
 259 -3.2695140e+01 0.00e+00 4.22e-05  -7.2 1.92e-01    -  1.00e+00 4.87e-02f  4
iter    objective    inf_pr   inf_du lg(mu)  ||d||  lg(rg) alpha_du alpha_pr  ls
 260 -3.2695140e+01 0.00e+00 7.10e-05  -7.2 1.78e-01    -  1.00e+00 1.73e-01f  2
 261 -3.2695141e+01 0.00e+00 5.14e-05  -7.2 2.00e-01    -  6.89e-01 3.77e-02f  4
 262 -3.2695141e+01 0.00e+00 4.36e-05  -7.2 2.28e-02    -  1.00e+00 2.50e-01f  3
 263 -3.2695142e+01 0.00e+00 2.06e-05  -7.2 4.81e-02    -  1.00e+00 3.25e-01f  2
 264 -3.2695143e+01 0.00e+00 2.82e-05  -7.2 4.11e-02    -  7.92e-01 5.43e-02f  5
 265 -3.2695143e+01 0.00e+00 1.76e-05  -7.2 6.69e-03    -  1.00e+00 5.00e-01f  2
 266 -3.2695138e+01 0.00e+00 7.23e-05  -7.2 1.26e-03    -  1.00e+00 1.00e+00w  1
 267 -3.2695143e+01 0.00e+00 1.53e-05  -7.2 6.81e-03    -  1.00e+00 1.00e+00f  1
 268 -3.2695144e+01 0.00e+00 3.26e-05  -7.2 2.20e-03    -  1.00e+00 5.00e-01f  2
 269 -3.2695144e+01 0.00e+00 1.91e-05  -7.2 9.72e-03    -  1.00e+00 5.00e-01f  2
iter    objective    inf_pr   inf_du lg(mu)  ||d||  lg(rg) alpha_du alpha_pr  ls
 270 -3.2695144e+01 0.00e+00 3.09e-05  -7.2 3.09e-02    -  1.00e+00 1.12e-01f  3
 271 -3.2695144e+01 0.00e+00 4.34e-05  -7.2 3.01e-02    -  9.17e-01 2.32e-01f  2
 272 -3.2695145e+01 0.00e+00 3.39e-05  -7.2 1.97e-02    -  1.00e+00 5.00e-01f  2
 273 -3.2695145e+01 0.00e+00 3.89e-05  -7.2 1.28e-02    -  5.89e-01 1.25e-01f  4
 274 -3.2695145e+01 0.00e+00 2.47e-05  -7.2 3.04e-03    -  1.00e+00 5.00e-01f  2
 275 -3.2695146e+01 0.00e+00 1.91e-05  -7.2 1.25e-03    -  1.00e+00 5.00e-01f  2
 276 -3.2695146e+01 0.00e+00 2.79e-05  -7.2 2.03e-03    -  1.00e+00 2.50e-01f  3
 277 -3.2695146e+01 0.00e+00 3.02e-05  -7.2 1.93e-03    -  1.00e+00 1.00e+00f  1
 278 -3.2695146e+01 0.00e+00 4.13e-05  -7.2 2.81e-02    -  1.00e+00 1.25e-01f  4
 279 -3.2695146e+01 0.00e+00 3.62e-05  -7.2 8.09e-02    -  1.00e+00 1.25e-01f  4
iter    objective    inf_pr   inf_du lg(mu)  ||d||  lg(rg) alpha_du alpha_pr  ls
 280 -3.2695146e+01 0.00e+00 2.32e-05  -7.2 1.06e-01    -  1.00e+00 6.25e-02f  5
 281 -3.2695147e+01 0.00e+00 2.66e-05  -7.2 1.87e-01    -  1.00e+00 4.56e-02f  5
 282 -3.2695147e+01 0.00e+00 3.43e-05  -7.2 1.93e-01    -  1.00e+00 4.56e-02f  5
 283 -3.2695147e+01 0.00e+00 2.75e-05  -7.2 4.64e-01    -  2.87e-01 3.72e-02f  4
 284 -3.2695147e+01 0.00e+00 1.99e-05  -7.2 1.27e-01    -  1.00e+00 3.12e-02f  6
 285 -3.2695147e+01 0.00e+00 2.54e-05  -7.2 4.82e-02    -  1.00e+00 2.50e-01f  3
 286 -3.2695148e+01 0.00e+00 2.02e-05  -7.2 4.52e-02    -  1.00e+00 1.25e-01f  4
 287 -3.2695148e+01 0.00e+00 2.00e-05  -7.2 4.07e-02    -  1.00e+00 2.50e-01f  3
 288 -3.2695052e+01 0.00e+00 3.91e-04  -7.2 2.41e-02    -  1.00e+00 1.00e+00w  1
 289 -3.2695144e+01 0.00e+00 7.97e-05  -7.2 2.71e-02    -  1.00e+00 1.00e+00w  1
iter    objective    inf_pr   inf_du lg(mu)  ||d||  lg(rg) alpha_du alpha_pr  ls
 290 -3.2695118e+01 0.00e+00 3.70e-04  -7.2 2.43e-01    -  1.00e+00 1.63e-01w  1
 291 -3.2695149e+01 0.00e+00 2.41e-05  -7.2 1.13e-02    -  1.00e+00 6.25e-02f  4
 292 -3.2695149e+01 0.00e+00 1.84e-05  -7.2 1.92e-02    -  1.00e+00 6.25e-02f  5
 293 -3.2695149e+01 0.00e+00 1.77e-05  -7.2 5.57e-03    -  1.00e+00 1.25e-01f  4
 294 -3.2695149e+01 0.00e+00 2.61e-05  -7.2 1.13e-02    -  1.00e+00 1.00e+00f  1
 295 -3.2695149e+01 0.00e+00 1.81e-05  -7.2 6.55e-02    -  1.00e+00 1.25e-01f  4
 296 -3.2695149e+01 0.00e+00 2.78e-05  -7.2 3.50e-02    -  1.00e+00 1.25e-01f  4
 297 -3.2695149e+01 0.00e+00 2.18e-05  -7.2 4.95e-02    -  1.00e+00 2.50e-01f  3
 298 -3.2695150e+01 0.00e+00 2.70e-05  -7.2 9.56e-02    -  1.00e+00 1.28e-01f  3
 299 -3.2695150e+01 0.00e+00 3.49e-05  -7.2 7.23e-02    -  1.00e+00 7.51e-02f  4
iter    objective    inf_pr   inf_du lg(mu)  ||d||  lg(rg) alpha_du alpha_pr  ls
 300 -3.2695150e+01 0.00e+00 4.02e-05  -7.2 9.32e-02    -  1.00e+00 5.66e-02f  4
 301 -3.2695151e+01 0.00e+00 1.69e-05  -7.2 1.91e-02    -  1.00e+00 2.50e-01f  3
 302 -3.2695160e+01 0.00e+00 9.05e-05  -8.2 3.09e-02    -  1.00e+00 1.00e+00f  1
 303 -3.2695164e+01 0.00e+00 8.44e-05 -10.0 2.97e-02    -  1.00e+00 4.24e-01f  1
 304 -3.2695168e+01 0.00e+00 9.52e-05 -11.0 1.74e-02    -  1.00e+00 3.21e-01f  2
 305 -3.2695171e+01 0.00e+00 4.02e-05  -9.5 1.85e-03    -  1.00e+00 6.49e-01f  1
 306 -3.2695172e+01 0.00e+00 1.05e-04  -9.9 4.74e-03    -  1.00e+00 5.78e-01f  1
 307 -3.2695172e+01 0.00e+00 3.00e-05 -11.0 1.32e-02    -  7.16e-01 8.10e-02f  2
 308 -3.2695173e+01 0.00e+00 8.13e-05 -11.0 2.20e-03    -  1.00e+00 5.25e-01f  1
 309 -3.2695173e+01 0.00e+00 1.49e-05 -11.0 9.32e-03    -  1.00e+00 1.06e-01f  1
iter    objective    inf_pr   inf_du lg(mu)  ||d||  lg(rg) alpha_du alpha_pr  ls
 310 -3.2695173e+01 0.00e+00 3.21e-05 -11.0 5.07e-02    -  1.00e+00 3.47e-02f  1
 311 -3.2695173e+01 0.00e+00 2.32e-05 -11.0 5.59e-02    -  1.00e+00 5.16e-02f  1
 312 -3.2695173e+01 0.00e+00 2.83e-05 -11.0 3.12e-02    -  1.00e+00 8.10e-02f  1
 313 -3.2695174e+01 0.00e+00 2.67e-05  -8.6 4.30e-02    -  7.09e-01 8.00e-02f  1
 314 -3.2695174e+01 0.00e+00 4.01e-05  -9.8 5.79e-02    -  1.00e+00 8.88e-02f  1
 315 -3.2695174e+01 0.00e+00 2.01e-05  -9.5 6.26e-02    -  1.00e+00 7.57e-02f  1
 316 -3.2695174e+01 0.00e+00 2.61e-05 -11.0 6.40e-03    -  1.00e+00 3.27e-01f  1
 317 -3.2695174e+01 0.00e+00 1.77e-05 -11.0 1.81e-03    -  1.00e+00 8.68e-01f  1
 318 -3.2695174e+01 0.00e+00 3.48e-05 -10.9 7.55e-04    -  1.00e+00 2.14e-01f  1
 319 -3.2695175e+01 0.00e+00 1.38e-05 -11.0 3.22e-04    -  8.67e-01 1.00e+00f  1
iter    objective    inf_pr   inf_du lg(mu)  ||d||  lg(rg) alpha_du alpha_pr  ls
 320 -3.2695175e+01 0.00e+00 2.65e-05 -11.0 9.80e-04    -  1.00e+00 8.53e-01f  1
 321 -3.2695174e+01 0.00e+00 1.14e-05  -8.8 3.90e-03    -  8.13e-01 7.31e-01f  1
 322 -3.2695174e+01 0.00e+00 3.73e-05  -9.0 5.24e-02    -  8.49e-01 9.17e-02f  2
 323 -3.2695174e+01 0.00e+00 1.78e-05  -9.0 7.58e-02    -  1.00e+00 7.83e-02f  1
 324 -3.2695174e+01 0.00e+00 2.53e-05  -9.0 1.02e-01    -  2.12e-01 3.63e-02f  3
 325 -3.2695175e+01 0.00e+00 1.45e-05  -9.0 2.36e-02    -  9.17e-01 1.86e-01f  1
 326 -3.2695175e+01 0.00e+00 2.05e-05 -10.4 4.05e-02    -  9.79e-01 3.19e-01f  1
 327 -3.2695175e+01 0.00e+00 1.71e-05 -11.0 6.54e-02    -  2.30e-01 6.67e-02f  1
 328 -3.2695175e+01 0.00e+00 7.98e-05  -8.2 1.49e-02    -  1.00e+00 1.17e-01f  1
 329 -3.2695174e+01 0.00e+00 4.63e-05  -8.4 3.37e-03    -  6.58e-01 1.00e+00f  1
iter    objective    inf_pr   inf_du lg(mu)  ||d||  lg(rg) alpha_du alpha_pr  ls
 330 -3.2695174e+01 0.00e+00 1.66e-05  -8.4 2.31e-03    -  9.02e-01 5.00e-01f  2
 331 -3.2695174e+01 0.00e+00 1.33e-05  -8.4 2.70e-03    -  1.00e+00 1.00e+00f  1
 332 -3.2695174e+01 0.00e+00 8.36e-06  -8.4 1.30e-02    -  4.43e-01 5.15e-02f  4

Number of Iterations....: 332

                                   (scaled)                 (unscaled)
Objective...............:  -3.2695174087623471e+01   -3.2695174087623471e+01
Dual infeasibility......:   8.3632414700980378e-06    8.3632414700980378e-06
Constraint violation....:   0.0000000000000000e+00    0.0000000000000000e+00
Variable bound violation:   0.0000000000000000e+00    0.0000000000000000e+00
Complementarity.........:   6.2646951298229570e-09    6.2646951298229570e-09
Overall NLP error.......:   8.3632414700980378e-06    8.3632414700980378e-06


Number of objective function evaluations             = 1255
Number of objective gradient evaluations             = 333
Number of equality constraint evaluations            = 0
Number of inequality constraint evaluations          = 0
Number of equality constraint Jacobian evaluations   = 0
Number of inequality constraint Jacobian evaluations = 0
Number of Lagrangian Hessian evaluations             = 0
Total seconds in IPOPT                               = 9.919

EXIT: Optimal Solution Found.
      solver  :   t_proc      (avg)   t_wall      (avg)    n_eval
       nlp_f  |   4.06 s (  3.24ms)   4.08 s (  3.25ms)      1255
  nlp_grad_f  |   4.03 s ( 12.08ms)   4.08 s ( 12.21ms)       334
       total  |   9.84 s (  9.84 s)   9.92 s (  9.92 s)         1
[phi] nominal objective  (SAA mean C = mean_s [F(x^(s)(T))] = mean of the model final cost,  N=1 samples)
[phi]   direct control        C = -32.6951740366   (reward 32.6951740366)
[phi]   postprocessed (phi)   C = -32.6908819882   (reward 32.6908819882)
[phi]   difference (post - direct) = +4.292048e-03
[phi]   relative difference        = +1.312747e-04   (+0.0131 %)
[phi] wrote /Users/jmilz3/Downloads/saa-control-clt-simulations/results/fed_batch_reactor/controls-states/2026-07-12T21-11-59/nominal/nominal_2026-07-12T21-11-59_phi.png , /Users/jmilz3/Downloads/saa-control-clt-simulations/results/fed_batch_reactor/controls-states/2026-07-12T21-11-59/nominal/nominal_2026-07-12T21-11-59_postprocessed_control.png , /Users/jmilz3/Downloads/saa-control-clt-simulations/results/fed_batch_reactor/controls-states/2026-07-12T21-11-59/nominal/nominal_2026-07-12T21-11-59_postprocessed_control.csv , /Users/jmilz3/Downloads/saa-control-clt-simulations/results/fed_batch_reactor/controls-states/2026-07-12T21-11-59/nominal/nominal_2026-07-12T21-11-59_objective.txt   (6 arcs: ['SING', 'HIGH', 'SING', 'LOW', 'SING', 'HIGH'])
This is Ipopt version 3.14.11, running with linear solver MUMPS 5.4.1.

Number of nonzeros in equality constraint Jacobian...:        0
Number of nonzeros in inequality constraint Jacobian.:        0
Number of nonzeros in Lagrangian Hessian.............:        0

Total number of variables............................:     2000
                     variables with only lower bounds:        0
                variables with lower and upper bounds:     2000
                     variables with only upper bounds:        0
Total number of equality constraints.................:        0
Total number of inequality constraints...............:        0
        inequality constraints with only lower bounds:        0
   inequality constraints with lower and upper bounds:        0
        inequality constraints with only upper bounds:        0

iter    objective    inf_pr   inf_du lg(mu)  ||d||  lg(rg) alpha_du alpha_pr  ls
   0 -2.1115618e+01 0.00e+00 4.19e-02   0.0 0.00e+00    -  0.00e+00 0.00e+00   0
   1 -2.1459270e+01 0.00e+00 1.37e-02  -6.0 1.40e-02    -  9.76e-01 1.00e+00f  1
   2 -2.9318984e+01 0.00e+00 2.13e-02  -2.2 5.82e-01    -  9.90e-01 1.00e+00f  1
   3 -3.0398426e+01 0.00e+00 7.26e-03  -2.8 2.72e-01    -  9.84e-01 1.00e+00f  1
   4 -3.1091888e+01 0.00e+00 1.16e-02  -3.6 2.08e-01    -  9.96e-01 1.00e+00f  1
   5 -3.1434117e+01 0.00e+00 2.69e-02  -3.9 2.50e-01    -  9.98e-01 1.00e+00f  1
   6 -3.1514328e+01 0.00e+00 2.12e-02  -3.1 2.02e-01    -  1.00e+00 9.21e-01f  1
   7 -3.1847069e+01 0.00e+00 7.92e-03  -3.9 9.42e-02    -  9.98e-01 1.00e+00f  1
   8 -3.1911498e+01 0.00e+00 3.83e-03  -5.1 5.56e-02    -  1.00e+00 9.08e-01f  1
   9 -3.1942013e+01 0.00e+00 2.69e-03  -5.9 4.56e-02    -  1.00e+00 8.13e-01f  1
iter    objective    inf_pr   inf_du lg(mu)  ||d||  lg(rg) alpha_du alpha_pr  ls
  10 -3.1955967e+01 0.00e+00 2.57e-03  -6.8 1.40e-01    -  1.00e+00 2.09e-01f  1
  11 -3.1978417e+01 0.00e+00 2.65e-03  -7.2 5.25e-01    -  1.00e+00 1.28e-01f  1
  12 -3.1993282e+01 0.00e+00 4.10e-03  -7.6 8.31e-01    -  1.00e+00 6.17e-02f  1
  13 -3.2010689e+01 0.00e+00 2.62e-03  -7.3 7.50e-01    -  1.00e+00 1.04e-01f  1
  14 -3.2015000e+01 0.00e+00 1.00e-02  -7.5 1.18e+00    -  1.00e+00 1.20e-01f  1
  15 -3.2017454e+01 0.00e+00 1.24e-02  -7.7 4.29e-01    -  1.00e+00 1.94e-02f  1
  16 -3.2040642e+01 0.00e+00 4.79e-03  -8.2 4.16e-01    -  1.00e+00 4.10e-01f  1
  17 -3.2048418e+01 0.00e+00 3.20e-03  -8.7 2.84e-01    -  1.00e+00 1.75e-01f  1
  18 -3.2048711e+01 0.00e+00 4.80e-03  -9.8 1.22e-01    -  1.00e+00 1.40e-02f  1
  19 -3.2054628e+01 0.00e+00 1.62e-03 -10.0 2.12e-01    -  1.00e+00 3.08e-01f  1
iter    objective    inf_pr   inf_du lg(mu)  ||d||  lg(rg) alpha_du alpha_pr  ls
  20 -3.2059127e+01 0.00e+00 2.29e-03 -10.2 5.62e-01    -  1.00e+00 2.26e-01f  1
  21 -3.2059150e+01 0.00e+00 2.28e-03 -10.3 3.71e-01    -  1.00e+00 9.69e-04f  1
  22 -3.2059817e+01 0.00e+00 2.13e-03 -11.0 3.11e-01    -  1.00e+00 4.15e-02f  1
  23 -3.2061220e+01 0.00e+00 2.04e-03 -11.0 7.53e-01    -  1.00e+00 4.46e-02f  1
  24 -3.2062393e+01 0.00e+00 2.26e-03 -11.0 5.84e-01    -  1.00e+00 6.31e-02f  1
  25 -3.2063676e+01 0.00e+00 2.10e-03 -11.0 9.32e-01    -  9.16e-01 5.22e-02f  1
  26 -3.2064457e+01 0.00e+00 3.90e-03  -8.9 1.32e+00    -  1.00e+00 2.23e-02f  1
  27 -3.2065511e+01 0.00e+00 5.53e-03  -9.4 4.12e-01    -  1.00e+00 9.09e-02f  1
  28 -3.2066482e+01 0.00e+00 2.36e-03  -9.7 6.90e-01    -  9.78e-01 5.01e-02f  1
  29 -3.2067068e+01 0.00e+00 3.31e-03  -7.4 4.36e-01    -  1.00e+00 5.92e-02f  1
iter    objective    inf_pr   inf_du lg(mu)  ||d||  lg(rg) alpha_du alpha_pr  ls
  30 -3.2067699e+01 0.00e+00 3.17e-03  -7.5 1.38e+00    -  1.00e+00 2.58e-02f  1
  31 -3.2068288e+01 0.00e+00 1.45e-03  -8.5 5.36e-01    -  1.00e+00 7.61e-02f  1
  32 -3.2068923e+01 0.00e+00 1.92e-03  -8.9 9.87e-01    -  8.31e-01 4.80e-02f  1
  33 -3.2068958e+01 0.00e+00 1.50e-03 -11.0 9.28e-01    -  3.20e-01 2.68e-03f  1
  34 -3.2069708e+01 0.00e+00 1.74e-03  -6.3 9.21e-01    -  8.63e-01 1.17e-01f  1
  35 -3.2069873e+01 0.00e+00 1.63e-03  -6.4 9.09e-01    -  1.00e+00 9.19e-02f  1
  36 -3.2070408e+01 0.00e+00 9.24e-04  -7.6 2.46e-01    -  1.00e+00 2.84e-01f  1
  37 -3.2070779e+01 0.00e+00 8.52e-04  -8.6 3.93e-01    -  1.00e+00 1.64e-01f  1
  38 -3.2070963e+01 0.00e+00 6.01e-04  -9.4 1.66e-01    -  1.00e+00 1.67e-01f  1
  39 -3.2071112e+01 0.00e+00 5.01e-04  -8.3 1.09e-01    -  1.00e+00 3.60e-01f  1
iter    objective    inf_pr   inf_du lg(mu)  ||d||  lg(rg) alpha_du alpha_pr  ls
  40 -3.2071230e+01 0.00e+00 6.26e-04  -9.2 2.37e-01    -  1.00e+00 1.87e-01f  1
  41 -3.2071318e+01 0.00e+00 6.25e-04 -10.0 2.20e-01    -  1.00e+00 1.11e-01f  1
  42 -3.2071375e+01 0.00e+00 1.13e-03 -11.0 2.45e-01    -  8.62e-01 1.28e-01f  1
  43 -3.2071415e+01 0.00e+00 1.66e-03 -11.0 3.07e-01    -  9.83e-01 2.78e-02f  1
  44 -3.2071588e+01 0.00e+00 7.39e-04  -8.4 6.73e-01    -  1.00e+00 7.86e-02f  1
  45 -3.2071692e+01 0.00e+00 9.03e-04  -8.8 7.72e-01    -  9.24e-01 4.62e-02f  1
  46 -3.2071791e+01 0.00e+00 1.00e-03  -8.5 3.58e-01    -  1.00e+00 1.39e-01f  1
  47 -3.2071897e+01 0.00e+00 1.20e-03  -7.2 4.28e-01    -  1.00e+00 1.34e-01f  1
  48 -3.2071914e+01 0.00e+00 1.11e-03  -7.7 3.55e-01    -  1.00e+00 1.50e-02f  1
  49 -3.2072021e+01 0.00e+00 3.37e-04  -8.0 5.19e-01    -  1.00e+00 1.07e-01f  1
iter    objective    inf_pr   inf_du lg(mu)  ||d||  lg(rg) alpha_du alpha_pr  ls
  50 -3.2072051e+01 0.00e+00 7.71e-04  -7.4 5.09e-01    -  7.96e-01 1.20e-01f  1
  51 -3.2072093e+01 0.00e+00 9.09e-04  -8.2 1.86e-01    -  1.00e+00 7.47e-02f  1
  52 -3.2072182e+01 0.00e+00 3.49e-04  -7.6 4.55e-01    -  1.00e+00 1.13e-01f  1
  53 -3.2072205e+01 0.00e+00 4.83e-04  -6.1 2.09e-01    -  5.39e-01 1.44e-01f  2
  54 -3.2072221e+01 0.00e+00 3.32e-04  -6.0 9.49e-02    -  1.00e+00 3.44e-01f  1
  55 -3.2072246e+01 0.00e+00 5.29e-04  -6.8 4.94e-02    -  1.00e+00 5.00e-01f  2
  56 -3.2072318e+01 0.00e+00 3.61e-04  -7.9 5.75e-02    -  1.00e+00 4.45e-01f  1
  57 -3.2072360e+01 0.00e+00 5.61e-04  -8.0 3.40e-02    -  1.00e+00 5.21e-01f  1
  58 -3.2072383e+01 0.00e+00 4.89e-04  -8.8 3.62e-02    -  1.00e+00 2.77e-01f  1
  59 -3.2072392e+01 0.00e+00 3.78e-04  -6.5 5.27e-02    -  7.41e-01 2.68e-01f  2
iter    objective    inf_pr   inf_du lg(mu)  ||d||  lg(rg) alpha_du alpha_pr  ls
  60 -3.2072430e+01 0.00e+00 3.59e-04  -7.3 4.73e-02    -  1.00e+00 5.44e-01f  1
  61 -3.2072452e+01 0.00e+00 3.80e-04  -7.6 3.70e-01    -  1.00e+00 8.03e-02f  1
  62 -3.2072457e+01 0.00e+00 6.29e-04  -8.1 1.44e-01    -  8.99e-01 3.64e-01f  1
  63 -3.2072460e+01 0.00e+00 4.67e-04  -8.9 1.30e-01    -  1.00e+00 9.15e-03f  1
  64 -3.2072510e+01 0.00e+00 2.89e-04  -9.3 2.50e-01    -  8.29e-01 1.06e-01f  1
  65 -3.2072532e+01 0.00e+00 4.05e-04 -11.0 2.13e-01    -  6.61e-01 5.83e-02f  1
  66 -3.2072569e+01 0.00e+00 4.26e-04  -7.8 7.58e-02    -  2.48e-01 6.66e-01f  1
  67 -3.2072583e+01 0.00e+00 2.62e-04  -6.7 6.50e-02    -  8.48e-01 1.10e-01f  1
  68 -3.2072585e+01 0.00e+00 3.72e-04  -7.4 1.94e-02    -  1.00e+00 1.00e+00f  1
  69 -3.2072609e+01 0.00e+00 3.96e-04 -11.0 3.15e-02    -  9.07e-01 2.46e-01f  1
iter    objective    inf_pr   inf_du lg(mu)  ||d||  lg(rg) alpha_du alpha_pr  ls
  70 -3.2072625e+01 0.00e+00 2.11e-04  -9.9 4.56e-02    -  1.00e+00 1.93e-01f  1
  71 -3.2072636e+01 0.00e+00 3.36e-04 -11.0 4.58e-02    -  1.00e+00 1.33e-01f  1
  72 -3.2072643e+01 0.00e+00 3.42e-04 -10.5 1.74e-01    -  1.00e+00 4.22e-02f  1
  73 -3.2072660e+01 0.00e+00 4.36e-04 -10.7 4.41e-01    -  9.60e-01 7.37e-02f  1
  74 -3.2072667e+01 0.00e+00 4.00e-04  -9.8 1.90e-01    -  1.00e+00 4.14e-02f  1
  75 -3.2072689e+01 0.00e+00 3.44e-04  -8.3 4.37e-01    -  1.00e+00 7.49e-02f  1
  76 -3.2072703e+01 0.00e+00 6.06e-04  -8.0 1.78e+00    -  9.43e-01 2.18e-02f  1
  77 -3.2072712e+01 0.00e+00 3.73e-04  -9.1 2.20e-01    -  1.00e+00 4.76e-02f  1
  78 -3.2072716e+01 0.00e+00 2.59e-04  -6.7 4.47e-01    -  8.48e-01 1.59e-01f  1
  79 -3.2072721e+01 0.00e+00 2.54e-04 -11.0 2.04e-01    -  5.62e-01 2.37e-02f  1
iter    objective    inf_pr   inf_du lg(mu)  ||d||  lg(rg) alpha_du alpha_pr  ls
  80 -3.2072726e+01 0.00e+00 2.43e-04  -9.3 2.28e-01    -  1.42e-01 1.92e-01f  1
  81 -3.2072723e+01 0.00e+00 2.54e-04  -6.4 1.23e-01    -  5.05e-01 3.52e-01f  1
  82 -3.2072748e+01 0.00e+00 1.99e-04  -6.8 3.25e-02    -  6.68e-01 2.97e-01f  1
  83 -3.2072760e+01 0.00e+00 2.08e-04  -8.6 1.35e-02    -  1.00e+00 8.40e-01f  1
  84 -3.2072775e+01 0.00e+00 1.70e-04  -6.8 4.57e-03    -  1.00e+00 1.00e+00f  1
  85 -3.2072776e+01 0.00e+00 1.47e-04  -8.5 1.03e-02    -  1.00e+00 9.02e-02f  1
  86 -3.2072785e+01 0.00e+00 1.43e-04 -10.2 3.74e-02    -  1.00e+00 2.78e-01f  1
  87 -3.2072801e+01 0.00e+00 9.27e-05  -9.4 1.56e-02    -  1.00e+00 4.76e-01f  1
  88 -3.2072810e+01 0.00e+00 1.05e-04 -10.2 2.65e-02    -  1.00e+00 2.85e-01f  1
  89 -3.2072814e+01 0.00e+00 9.85e-05 -11.0 1.60e-02    -  1.00e+00 3.26e-01f  1
iter    objective    inf_pr   inf_du lg(mu)  ||d||  lg(rg) alpha_du alpha_pr  ls
  90 -3.2072819e+01 0.00e+00 1.50e-04 -11.0 6.49e-02    -  1.00e+00 1.78e-01f  1
  91 -3.2072823e+01 0.00e+00 2.26e-04 -11.0 1.43e-01    -  1.00e+00 8.11e-02f  1
  92 -3.2072829e+01 0.00e+00 1.34e-04 -11.0 5.40e-01    -  1.00e+00 3.14e-02f  1
  93 -3.2072836e+01 0.00e+00 4.36e-04  -9.8 1.10e+00    -  1.00e+00 1.75e-02f  1
  94 -3.2072836e+01 0.00e+00 2.29e-04  -7.2 2.98e-01    -  8.88e-01 2.46e-02f  3
  95 -3.2072839e+01 0.00e+00 2.74e-04 -11.0 2.35e-02    -  9.66e-01 1.56e-01f  1
  96 -3.2072845e+01 0.00e+00 2.53e-04  -8.6 2.88e-01    -  1.66e-01 3.90e-02f  1
  97 -3.2072848e+01 0.00e+00 2.27e-04 -11.0 4.00e-01    -  1.29e-01 2.22e-02f  1
  98 -3.2072848e+01 0.00e+00 1.91e-03  -7.6 1.83e+00    -  6.98e-01 3.73e-02f  1
  99 -3.2072845e+01 0.00e+00 1.70e-04  -6.3 2.85e-01    -  9.85e-01 1.05e-01f  1
iter    objective    inf_pr   inf_du lg(mu)  ||d||  lg(rg) alpha_du alpha_pr  ls
 100 -3.2072830e+01 0.00e+00 1.40e-04  -6.4 1.05e-01    -  6.68e-01 3.26e-01f  2
 101 -3.2072825e+01 0.00e+00 1.51e-04  -6.4 1.14e-01    -  6.73e-01 3.16e-01f  1
 102 -3.2072827e+01 0.00e+00 1.21e-04  -6.4 4.45e-02    -  1.00e+00 2.50e-01f  3
 103 -3.2072812e+01 0.00e+00 1.53e-04  -6.4 1.24e-02    -  1.00e+00 1.00e+00f  1
 104 -3.2072822e+01 0.00e+00 1.10e-04  -6.4 1.30e-02    -  1.00e+00 1.00e+00f  1
 105 -3.2072822e+01 0.00e+00 1.73e-04  -6.4 2.30e-02    -  1.00e+00 5.00e-01f  2
 106 -3.2072826e+01 0.00e+00 9.39e-05  -6.4 2.04e-02    -  1.00e+00 5.00e-01f  2
 107 -3.2072828e+01 0.00e+00 3.99e-05  -6.4 9.42e-03    -  1.00e+00 2.50e-01f  3
 108 -3.2072828e+01 0.00e+00 5.91e-05  -6.4 3.51e-03    -  1.00e+00 1.00e+00f  1
 109 -3.2072827e+01 0.00e+00 7.37e-05  -6.4 1.12e-02    -  1.00e+00 1.00e+00f  1
iter    objective    inf_pr   inf_du lg(mu)  ||d||  lg(rg) alpha_du alpha_pr  ls
 110 -3.2072831e+01 0.00e+00 8.51e-05  -6.4 4.17e-02    -  1.00e+00 4.91e-01f  2
 111 -3.2072835e+01 0.00e+00 8.19e-05  -6.4 9.60e-02    -  1.00e+00 1.24e-01f  3
 112 -3.2072836e+01 0.00e+00 7.27e-05  -6.4 4.08e-02    -  1.00e+00 1.25e-01f  4
 113 -3.2072837e+01 0.00e+00 5.85e-05  -6.4 2.43e-02    -  8.92e-01 2.50e-01f  3
 114 -3.2072840e+01 0.00e+00 6.43e-05  -6.4 9.57e-03    -  1.00e+00 5.00e-01f  2
 115 -3.2072841e+01 0.00e+00 6.44e-05  -6.4 5.43e-03    -  1.00e+00 1.00e+00f  1
 116 -3.2072843e+01 0.00e+00 6.43e-05  -6.4 1.53e-02    -  1.00e+00 1.00e+00f  1
 117 -3.2072846e+01 0.00e+00 7.61e-05  -6.4 3.24e-02    -  1.00e+00 2.50e-01f  3
 118 -3.2072850e+01 0.00e+00 4.81e-05  -6.4 1.61e-02    -  1.00e+00 5.00e-01f  2
 119 -3.2072886e+01 0.00e+00 9.47e-05  -7.3 1.80e-02    -  1.00e+00 1.00e+00f  1
iter    objective    inf_pr   inf_du lg(mu)  ||d||  lg(rg) alpha_du alpha_pr  ls
 120 -3.2072895e+01 0.00e+00 7.29e-05  -8.7 3.99e-02    -  1.00e+00 2.24e-01f  1
 121 -3.2072903e+01 0.00e+00 1.05e-04 -10.3 3.14e-02    -  1.00e+00 4.55e-01f  1
 122 -3.2072910e+01 0.00e+00 1.04e-04 -10.5 1.87e-02    -  1.00e+00 3.11e-01f  1
 123 -3.2072914e+01 0.00e+00 8.92e-05 -11.0 1.89e-02    -  6.82e-01 7.68e-02f  1
 124 -3.2072923e+01 0.00e+00 1.17e-04 -11.0 1.11e-02    -  1.00e+00 5.53e-01f  1
 125 -3.2072926e+01 0.00e+00 5.78e-05  -9.8 1.15e-02    -  1.00e+00 5.95e-01f  1
 126 -3.2072929e+01 0.00e+00 3.37e-05 -11.0 9.02e-03    -  1.00e+00 3.45e-01f  1
 127 -3.2072930e+01 0.00e+00 3.21e-05 -11.0 9.05e-03    -  1.00e+00 2.26e-01f  1
 128 -3.2072931e+01 0.00e+00 6.65e-05 -11.0 4.11e-02    -  1.00e+00 6.66e-02f  1
 129 -3.2072932e+01 0.00e+00 7.15e-05 -11.0 4.63e-02    -  1.00e+00 6.80e-02f  1
iter    objective    inf_pr   inf_du lg(mu)  ||d||  lg(rg) alpha_du alpha_pr  ls
 130 -3.2072933e+01 0.00e+00 1.32e-04  -8.0 9.47e-02    -  8.97e-01 3.93e-02f  1
 131 -3.2072934e+01 0.00e+00 1.10e-04  -9.4 8.20e-02    -  1.00e+00 7.64e-03f  1
 132 -3.2072938e+01 0.00e+00 1.01e-04  -8.4 1.71e-01    -  1.00e+00 1.34e-01f  1
 133 -3.2072938e+01 0.00e+00 9.40e-05  -9.4 1.94e-01    -  1.00e+00 5.44e-02f  2
 134 -3.2072942e+01 0.00e+00 8.88e-05  -8.9 4.61e-02    -  1.00e+00 4.40e-01f  1
 135 -3.2072944e+01 0.00e+00 7.03e-05 -11.0 1.14e-01    -  7.25e-01 5.37e-02f  1
 136 -3.2072945e+01 0.00e+00 8.11e-05 -11.0 4.48e-02    -  7.85e-01 1.27e-01f  2
 137 -3.2072946e+01 0.00e+00 4.33e-05 -11.0 3.46e-02    -  1.00e+00 4.54e-02f  1
 138 -3.2072948e+01 0.00e+00 4.22e-05 -10.2 2.19e-02    -  1.00e+00 5.68e-01f  1
 139 -3.2072949e+01 0.00e+00 9.12e-05 -11.0 1.26e-01    -  1.00e+00 1.68e-01f  1
iter    objective    inf_pr   inf_du lg(mu)  ||d||  lg(rg) alpha_du alpha_pr  ls
 140 -3.2072951e+01 0.00e+00 7.86e-05 -11.0 1.53e-01    -  1.00e+00 6.82e-02f  1
 141 -3.2072952e+01 0.00e+00 9.53e-05 -11.0 1.03e-01    -  9.38e-01 7.34e-02f  1
 142 -3.2072955e+01 0.00e+00 9.53e-05 -11.0 2.02e-01    -  1.00e+00 8.68e-02f  1
 143 -3.2072957e+01 0.00e+00 1.37e-04 -11.0 4.19e-01    -  1.00e+00 3.86e-02f  1
 144 -3.2072958e+01 0.00e+00 1.29e-04 -11.0 4.99e-01    -  1.00e+00 5.27e-02f  1
 145 -3.2072959e+01 0.00e+00 8.40e-05 -11.0 2.87e-01    -  3.74e-01 3.93e-02f  1
 146 -3.2072960e+01 0.00e+00 7.03e-05 -10.3 5.71e-02    -  6.02e-01 1.54e-01f  1
 147 -3.2072963e+01 0.00e+00 6.32e-05  -8.7 1.64e-02    -  1.00e+00 3.65e-01f  1
 148 -3.2072959e+01 0.00e+00 7.94e-05  -7.6 1.12e-02    -  1.00e+00 5.00e-01f  2
 149 -3.2072962e+01 0.00e+00 3.24e-05  -7.7 1.18e-03    -  1.00e+00 1.00e+00f  1
iter    objective    inf_pr   inf_du lg(mu)  ||d||  lg(rg) alpha_du alpha_pr  ls
 150 -3.2072963e+01 0.00e+00 3.59e-05  -7.7 2.07e-03    -  1.00e+00 1.00e+00f  1
 151 -3.2072963e+01 0.00e+00 5.35e-05  -7.7 1.42e-02    -  1.00e+00 1.00e+00f  1
 152 -3.2072964e+01 0.00e+00 5.18e-05  -7.7 1.71e-01    -  4.24e-01 6.97e-02f  2
 153 -3.2072965e+01 0.00e+00 5.64e-05  -7.9 1.30e-01    -  1.00e+00 1.39e-01f  2
 154 -3.2072965e+01 0.00e+00 6.52e-05  -7.4 2.29e-01    -  1.00e+00 7.71e-02f  2
 155 -3.2072966e+01 0.00e+00 4.29e-05  -7.5 5.53e-02    -  6.06e-01 1.42e-01f  3
 156 -3.2072968e+01 0.00e+00 3.82e-05  -7.7 1.14e-02    -  1.00e+00 5.00e-01f  2
 157 -3.2072968e+01 0.00e+00 9.60e-05  -8.8 2.29e-02    -  1.00e+00 7.07e-01f  1
 158 -3.2072969e+01 0.00e+00 8.47e-05  -9.3 1.48e-02    -  1.00e+00 7.41e-01f  1
 159 -3.2072953e+01 0.00e+00 1.07e-04  -7.2 3.92e-03    -  7.86e-01 1.00e+00f  1
iter    objective    inf_pr   inf_du lg(mu)  ||d||  lg(rg) alpha_du alpha_pr  ls
 160 -3.2072955e+01 0.00e+00 9.74e-05  -7.4 2.62e-02    -  1.00e+00 5.53e-02f  1
 161 -3.2072960e+01 0.00e+00 2.29e-04  -7.4 4.59e-02    -  1.00e+00 2.71e-01f  2
 162 -3.2072966e+01 0.00e+00 8.65e-05  -7.4 1.55e-02    -  1.00e+00 4.02e-01f  2
 163 -3.2072969e+01 0.00e+00 6.49e-05  -7.4 8.41e-03    -  1.00e+00 7.41e-01f  1
 164 -3.2072976e+01 0.00e+00 2.19e-05  -9.5 1.02e-03    -  1.00e+00 1.00e+00f  1
 165 -3.2072978e+01 0.00e+00 2.37e-05 -11.0 2.32e-03    -  1.00e+00 4.41e-01f  1
 166 -3.2072979e+01 0.00e+00 2.46e-05  -9.4 2.20e-03    -  1.00e+00 6.96e-01f  1
 167 -3.2072979e+01 0.00e+00 4.37e-05 -11.0 3.36e-03    -  1.00e+00 5.87e-01f  1
 168 -3.2072980e+01 0.00e+00 1.81e-05 -11.0 9.00e-03    -  1.00e+00 1.75e-01f  1
 169 -3.2072980e+01 0.00e+00 2.56e-05 -11.0 1.48e-02    -  1.00e+00 1.44e-01f  1
iter    objective    inf_pr   inf_du lg(mu)  ||d||  lg(rg) alpha_du alpha_pr  ls
 170 -3.2072980e+01 0.00e+00 5.67e-05 -11.0 2.76e-02    -  1.00e+00 6.70e-02f  1
 171 -3.2072981e+01 0.00e+00 5.47e-05 -11.0 4.84e-02    -  1.00e+00 6.72e-02f  1
 172 -3.2072982e+01 0.00e+00 7.48e-05 -11.0 2.45e-01    -  1.00e+00 2.39e-02f  1
 173 -3.2072982e+01 0.00e+00 4.08e-05 -11.0 1.02e-01    -  1.00e+00 8.95e-02f  1
 174 -3.2072982e+01 0.00e+00 4.32e-05 -11.0 8.20e-02    -  1.00e+00 9.59e-02f  1
 175 -3.2072982e+01 0.00e+00 4.27e-05  -8.6 4.66e-02    -  5.23e-01 1.06e-01f  2
 176 -3.2072982e+01 0.00e+00 4.02e-05 -11.0 2.36e-02    -  6.90e-01 2.29e-02f  1
 177 -3.2072983e+01 0.00e+00 3.98e-05 -11.0 4.93e-02    -  1.00e+00 3.72e-03f  1
 178 -3.2072983e+01 0.00e+00 4.44e-05 -11.0 3.83e-02    -  1.00e+00 1.88e-01f  2
 179 -3.2072983e+01 0.00e+00 3.80e-05  -8.5 6.43e-02    -  5.45e-01 1.17e-01f  1
iter    objective    inf_pr   inf_du lg(mu)  ||d||  lg(rg) alpha_du alpha_pr  ls
 180 -3.2072982e+01 0.00e+00 7.90e-05  -8.2 8.76e-03    -  1.00e+00 4.95e-01f  2
 181 -3.2072984e+01 0.00e+00 4.03e-05  -8.3 3.54e-03    -  1.00e+00 1.00e+00f  1
 182 -3.2072985e+01 0.00e+00 4.20e-05 -11.0 1.54e-03    -  1.00e+00 9.42e-01f  1
 183 -3.2072986e+01 0.00e+00 3.46e-05  -8.9 1.34e-03    -  1.00e+00 1.00e+00f  1
 184 -3.2072986e+01 0.00e+00 4.50e-05 -10.7 5.22e-03    -  1.00e+00 8.43e-01f  1
 185 -3.2072986e+01 0.00e+00 1.81e-05 -11.0 1.18e-02    -  1.00e+00 1.97e-01f  1
 186 -3.2072987e+01 0.00e+00 1.74e-05 -11.0 4.66e-02    -  1.00e+00 9.85e-02f  1
 187 -3.2072987e+01 0.00e+00 2.37e-05  -8.7 2.84e-01    -  4.79e-01 2.78e-02f  1
 188 -3.2072988e+01 0.00e+00 3.18e-05 -10.1 6.48e-02    -  1.00e+00 1.69e-01f  1
 189 -3.2072988e+01 0.00e+00 4.88e-05 -11.0 3.63e-01    -  1.00e+00 5.88e-02f  1
iter    objective    inf_pr   inf_du lg(mu)  ||d||  lg(rg) alpha_du alpha_pr  ls
 190 -3.2072988e+01 0.00e+00 5.52e-05  -8.6 3.43e-01    -  7.42e-01 6.02e-02f  2
 191 -3.2072990e+01 0.00e+00 1.06e-04  -8.8 7.72e-01    -  1.00e+00 2.67e-02f  1
 192 -3.2072911e+01 0.00e+00 3.46e-04  -6.8 1.75e-01    -  8.76e-01 3.58e-01f  2
 193 -3.2072937e+01 0.00e+00 1.77e-04  -7.0 2.51e-02    -  1.00e+00 1.00e+00f  1
 194 -3.2072967e+01 0.00e+00 9.19e-05  -7.0 2.90e-02    -  1.00e+00 1.00e+00f  1
 195 -3.2072971e+01 0.00e+00 7.62e-05  -7.0 4.24e-02    -  1.00e+00 1.35e-01f  1
 196 -3.2072974e+01 0.00e+00 2.79e-05  -7.0 7.40e-03    -  1.00e+00 1.00e+00f  1
 197 -3.2072975e+01 0.00e+00 2.34e-05  -7.0 2.06e-03    -  1.00e+00 5.00e-01f  2
 198 -3.2072975e+01 0.00e+00 3.04e-05  -7.0 7.98e-04    -  1.00e+00 1.00e+00f  1
 199 -3.2072975e+01 0.00e+00 2.59e-05  -7.0 6.14e-03    -  9.60e-01 5.00e-01f  2
iter    objective    inf_pr   inf_du lg(mu)  ||d||  lg(rg) alpha_du alpha_pr  ls
 200 -3.2072974e+01 0.00e+00 3.05e-05  -7.0 7.43e-03    -  1.00e+00 5.00e-01f  2
 201 -3.2072973e+01 0.00e+00 2.84e-05  -7.0 6.42e-03    -  1.00e+00 1.00e+00f  1
 202 -3.2072973e+01 0.00e+00 2.54e-05  -7.0 9.46e-03    -  1.00e+00 2.50e-01f  3
 203 -3.2072973e+01 0.00e+00 2.90e-05  -7.0 1.81e-03    -  1.00e+00 5.00e-01f  2
 204 -3.2072974e+01 0.00e+00 1.12e-05  -7.0 7.85e-04    -  1.00e+00 1.00e+00f  1
 205 -3.2072974e+01 0.00e+00 1.11e-05  -7.0 2.83e-03    -  1.00e+00 1.00e+00f  1
 206 -3.2072974e+01 0.00e+00 1.98e-05  -7.0 8.34e-02    -  8.40e-01 8.53e-02f  4
 207 -3.2072974e+01 0.00e+00 2.79e-05  -7.0 9.67e-02    -  1.00e+00 1.33e-01f  3
 208 -3.2072974e+01 0.00e+00 3.95e-05  -7.0 1.11e-01    -  1.00e+00 1.10e-01f  3
 209 -3.2072975e+01 0.00e+00 5.39e-05  -7.0 1.25e-01    -  1.00e+00 1.19e-01f  3
iter    objective    inf_pr   inf_du lg(mu)  ||d||  lg(rg) alpha_du alpha_pr  ls
 210 -3.2072975e+01 0.00e+00 2.27e-05  -7.0 6.85e-02    -  1.00e+00 1.25e-01f  4
 211 -3.2072976e+01 0.00e+00 3.26e-05  -7.0 6.14e-02    -  1.00e+00 1.25e-01f  4
 212 -3.2072976e+01 0.00e+00 3.14e-05  -7.0 3.19e-02    -  1.00e+00 2.50e-01f  3
 213 -3.2072977e+01 0.00e+00 2.86e-05  -7.0 6.01e-02    -  1.00e+00 1.17e-01f  4
 214 -3.2072977e+01 0.00e+00 2.24e-05  -7.0 4.60e-02    -  1.00e+00 1.25e-01f  4
 215 -3.2072978e+01 0.00e+00 4.43e-05  -7.0 3.51e-02    -  1.00e+00 5.00e-01f  2
 216 -3.2072969e+01 0.00e+00 9.67e-05  -7.0 1.13e-01    -  1.00e+00 2.49e-01w  1
 217 -3.2072955e+01 0.00e+00 1.69e-04  -7.0 4.87e-03    -  1.00e+00 1.00e+00w  1
 218 -3.2072977e+01 0.00e+00 4.97e-05  -7.0 1.42e-02    -  1.00e+00 1.00e+00w  1
 219 -3.2072978e+01 0.00e+00 3.13e-05  -7.0 9.62e-03    -  1.00e+00 6.23e-02f  2
iter    objective    inf_pr   inf_du lg(mu)  ||d||  lg(rg) alpha_du alpha_pr  ls
 220 -3.2072979e+01 0.00e+00 3.90e-05  -7.0 1.35e-02    -  1.00e+00 5.00e-01f  2
 221 -3.2072979e+01 0.00e+00 4.12e-05  -7.0 3.59e-02    -  8.77e-01 1.25e-01f  4
 222 -3.2072980e+01 0.00e+00 2.68e-05  -7.0 1.14e-02    -  1.00e+00 2.50e-01f  3
 223 -3.2072980e+01 0.00e+00 1.83e-05  -7.0 1.62e-03    -  1.00e+00 5.00e-01f  2
 224 -3.2072980e+01 0.00e+00 1.97e-05  -7.0 4.18e-04    -  1.00e+00 1.00e+00f  1
 225 -3.2072981e+01 0.00e+00 1.02e-05  -7.0 3.12e-04    -  1.00e+00 1.00e+00f  1
 226 -3.2072981e+01 0.00e+00 1.05e-05  -7.0 2.48e-03    -  1.00e+00 1.00e+00f  1
 227 -3.2072981e+01 0.00e+00 2.06e-05  -7.0 8.13e-02    -  1.00e+00 1.12e-01f  3
 228 -3.2072981e+01 0.00e+00 2.81e-05  -7.0 3.95e-02    -  1.00e+00 1.25e-01f  4
 229 -3.2072981e+01 0.00e+00 2.27e-05  -7.0 9.95e-03    -  1.00e+00 5.00e-01f  2
iter    objective    inf_pr   inf_du lg(mu)  ||d||  lg(rg) alpha_du alpha_pr  ls
 230 -3.2072981e+01 0.00e+00 2.30e-05  -7.0 2.49e-02    -  1.00e+00 6.25e-02f  5
 231 -3.2072982e+01 0.00e+00 1.31e-05  -7.0 8.61e-03    -  1.00e+00 2.50e-01f  3
 232 -3.2072982e+01 0.00e+00 2.43e-05  -7.0 2.03e-02    -  1.00e+00 5.00e-01f  2
 233 -3.2072982e+01 0.00e+00 1.40e-05  -7.0 1.31e-02    -  1.00e+00 1.25e-01f  4
 234 -3.2072982e+01 0.00e+00 2.67e-05  -7.0 4.02e-03    -  1.00e+00 1.00e+00f  1
 235 -3.2072983e+01 0.00e+00 2.05e-05  -7.0 2.90e-03    -  1.00e+00 5.00e-01f  2
 236 -3.2072983e+01 0.00e+00 1.74e-05  -7.0 8.83e-03    -  1.00e+00 5.00e-01f  2
 237 -3.2072983e+01 0.00e+00 1.35e-05  -7.0 3.41e-03    -  1.00e+00 2.50e-01f  3
 238 -3.2072983e+01 0.00e+00 1.48e-05  -7.0 5.49e-03    -  1.00e+00 1.00e+00f  1
 239 -3.2072983e+01 0.00e+00 4.41e-05  -7.0 3.33e-02    -  1.00e+00 1.25e-01f  4
iter    objective    inf_pr   inf_du lg(mu)  ||d||  lg(rg) alpha_du alpha_pr  ls
 240 -3.2072983e+01 0.00e+00 2.04e-05  -7.0 3.57e-03    -  1.00e+00 5.00e-01f  2
 241 -3.2072984e+01 0.00e+00 1.31e-05  -7.0 2.65e-03    -  1.00e+00 1.00e+00f  1
 242 -3.2072984e+01 0.00e+00 9.24e-06  -7.0 1.50e-02    -  1.00e+00 1.25e-01f  4

Number of Iterations....: 242

                                   (scaled)                 (unscaled)
Objective...............:  -3.2072984004527633e+01   -3.2072984004527633e+01
Dual infeasibility......:   9.2380534943225042e-06    9.2380534943225042e-06
Constraint violation....:   0.0000000000000000e+00    0.0000000000000000e+00
Variable bound violation:   0.0000000000000000e+00    0.0000000000000000e+00
Complementarity.........:   1.1992297748005537e-07    1.1992297748005537e-07
Overall NLP error.......:   9.2380534943225042e-06    9.2380534943225042e-06


Number of objective function evaluations             = 601
Number of objective gradient evaluations             = 243
Number of equality constraint evaluations            = 0
Number of inequality constraint evaluations          = 0
Number of equality constraint Jacobian evaluations   = 0
Number of inequality constraint Jacobian evaluations = 0
Number of Lagrangian Hessian evaluations             = 0
Total seconds in IPOPT                               = 114.718

EXIT: Optimal Solution Found.
      solver  :   t_proc      (avg)   t_wall      (avg)    n_eval
       nlp_f  | 408.79 s (680.19ms)  45.79 s ( 76.20ms)       601
  nlp_grad_f  | 608.87 s (  2.50 s)  67.57 s (276.91ms)       244
       total  |   1.02ks (  1.02ks) 114.72 s (114.72 s)         1
[phi] saa objective  (SAA mean C = mean_s [F(x^(s)(T))] = mean of the model final cost,  N=128 samples)
[phi]   direct control        C = -32.9963350727   (reward 32.9963350727)
[phi]   postprocessed (phi)   C = -32.0703796031   (reward 32.0703796031)
[phi]   difference (post - direct) = +9.259555e-01
[phi]   relative difference        = +2.806237e-02   (+2.8062 %)
[phi] wrote /Users/jmilz3/Downloads/saa-control-clt-simulations/results/fed_batch_reactor/controls-states/2026-07-12T21-11-59/saa/saa_2026-07-12T21-11-59_phi.png , /Users/jmilz3/Downloads/saa-control-clt-simulations/results/fed_batch_reactor/controls-states/2026-07-12T21-11-59/saa/saa_2026-07-12T21-11-59_postprocessed_control.png , /Users/jmilz3/Downloads/saa-control-clt-simulations/results/fed_batch_reactor/controls-states/2026-07-12T21-11-59/saa/saa_2026-07-12T21-11-59_postprocessed_control.csv , /Users/jmilz3/Downloads/saa-control-clt-simulations/results/fed_batch_reactor/controls-states/2026-07-12T21-11-59/saa/saa_2026-07-12T21-11-59_objective.txt   (6 arcs: ['SING', 'HIGH', 'SING', 'LOW', 'SING', 'HIGH'])
[phi] wrote /Users/jmilz3/Downloads/saa-control-clt-simulations/results/fed_batch_reactor/controls-states/2026-07-12T21-11-59/postprocessed_controls_2026-07-12T21-11-59.png (png, pdf)
[phi] wrote /Users/jmilz3/Downloads/saa-control-clt-simulations/results/fed_batch_reactor/controls-states/2026-07-12T21-11-59/postprocessed_controls_2026-07-12T21-11-59.csv
[phi] wrote /Users/jmilz3/Downloads/saa-control-clt-simulations/results/fed_batch_reactor/controls-states/2026-07-12T21-11-59/direct_controls_2026-07-12T21-11-59.png (png, pdf)
[phi] wrote /Users/jmilz3/Downloads/saa-control-clt-simulations/results/fed_batch_reactor/controls-states/2026-07-12T21-11-59/direct_controls_2026-07-12T21-11-59.csv

real	3m5.435s
user	17m45.182s
sys	0m10.243s
